{"level":"error","message":"ENOENT: no such file or directory, stat '/app/dist/public/index.html' reqeustId: dec66e67-837a-4b25-8d6a-9870f054c320","timestamp":"2025-09-20 19:15:15"}
{"level":"error","message":"Token not provided!","timestamp":"2025-09-20 19:15:19"}
{"level":"error","message":"UNAUTH reqeustId: 3bc30deb-7853-405c-bd52-fc4d4c76eee3","timestamp":"2025-09-20 19:15:19"}
{"level":"error","message":"Token not provided!","timestamp":"2025-09-20 19:15:30"}
{"level":"error","message":"UNAUTH reqeustId: a8044773-4321-491b-8bf3-b2e844399b09","timestamp":"2025-09-20 19:15:30"}
{"level":"error","message":"Token not provided!","timestamp":"2025-09-20 19:15:31"}
{"level":"error","message":"UNAUTH reqeustId: a75d4f16-4ed2-4b8a-824d-b75f757de94c","timestamp":"2025-09-20 19:15:31"}
{"level":"error","message":"Token not provided!","timestamp":"2025-09-20 19:15:32"}
{"level":"error","message":"UNAUTH reqeustId: 75ab4980-1298-4c1c-8ce0-c4862a9bf21f","timestamp":"2025-09-20 19:15:32"}
{"level":"error","message":"Token not provided!","timestamp":"2025-09-20 19:15:32"}
{"level":"error","message":"UNAUTH reqeustId: acf957c6-3492-4cfa-8eb0-0133db7a805f","timestamp":"2025-09-20 19:15:32"}
{"level":"error","message":"Token not provided!","timestamp":"2025-09-20 19:15:32"}
{"level":"error","message":"UNAUTH reqeustId: b94f708c-5b1f-465a-81de-5c4997e2ca72","timestamp":"2025-09-20 19:15:32"}
{"level":"error","message":"Token not provided!","timestamp":"2025-09-20 19:15:43"}
{"level":"error","message":"UNAUTH reqeustId: dbb4aed2-8044-43b1-85fe-6550ffec3d81","timestamp":"2025-09-20 19:15:43"}
{"level":"error","message":"Token not provided!","timestamp":"2025-09-20 19:16:14"}
{"level":"error","message":"UNAUTH reqeustId: f6132073-2180-48bc-92c4-e1a0b4e04836","timestamp":"2025-09-20 19:16:14"}
{"level":"error","message":"Token not provided!","timestamp":"2025-09-20 19:16:16"}
{"level":"error","message":"UNAUTH reqeustId: f21398c9-4dde-4140-80c5-228b5b4d5700","timestamp":"2025-09-20 19:16:16"}
{"level":"error","message":"Token not provided!","timestamp":"2025-09-20 19:16:16"}
{"level":"error","message":"UNAUTH reqeustId: 5f6c2214-60fb-4006-980f-66d68d19333c","timestamp":"2025-09-20 19:16:16"}
{"level":"error","message":"ENOENT: no such file or directory, stat '/app/dist/public/index.html' reqeustId: d8b945c7-7477-4bb4-b28c-1b4579637c7b","timestamp":"2025-09-20 19:21:04"}
{"level":"error","message":"Token not provided!","timestamp":"2025-09-20 19:21:22"}
{"level":"error","message":"UNAUTH reqeustId: 50743246-5eff-41f3-a1f2-fab782d2fcb0","timestamp":"2025-09-20 19:21:22"}
{"level":"error","message":"Token not provided!","timestamp":"2025-09-20 19:21:28"}
{"level":"error","message":"UNAUTH reqeustId: 3ebd75ea-bb75-4b98-a258-2293ebd0f074","timestamp":"2025-09-20 19:21:28"}
{"level":"error","message":"BAD_REQUEST reqeustId: 27deab08-f7b5-4ce3-a773-73b6acd8d102","timestamp":"2025-09-20 19:36:57"}
{"level":"error","message":"UNAUTH reqeustId: 1d8627ff-46d4-4779-b3e3-00f942dbd99e","timestamp":"2025-09-20 19:36:57"}
{"level":"error","message":"Token not provided!","timestamp":"2025-09-20 20:04:58"}
{"level":"error","message":"UNAUTH reqeustId: 13c52d6c-83dc-437c-be49-b90447a368ec","timestamp":"2025-09-20 20:04:58"}
{"level":"error","message":"Token not provided!","timestamp":"2025-09-20 20:05:00"}
{"level":"error","message":"UNAUTH reqeustId: d5e61ed8-01a9-4fad-aaf9-813b455fd4aa","timestamp":"2025-09-20 20:05:00"}
{"level":"error","message":"Token not provided!","timestamp":"2025-09-20 20:05:00"}
{"level":"error","message":"UNAUTH reqeustId: 189f8826-412a-4ab1-9992-bf41bad80169","timestamp":"2025-09-20 20:05:00"}
{"level":"error","message":"Token not provided!","timestamp":"2025-09-20 20:05:00"}
{"level":"error","message":"UNAUTH reqeustId: b05345ea-0f38-4f79-8aa3-46c4fa3765d9","timestamp":"2025-09-20 20:05:00"}
{"level":"error","message":"Token not provided!","timestamp":"2025-09-20 20:05:00"}
{"level":"error","message":"UNAUTH reqeustId: 44203c47-2b1e-4c8f-91bd-5cd26080b90c","timestamp":"2025-09-20 20:05:00"}
{"level":"error","message":"Token not provided!","timestamp":"2025-09-20 20:05:00"}
{"level":"error","message":"UNAUTH reqeustId: b01ca39c-f05f-441d-bbf5-f989a9544016","timestamp":"2025-09-20 20:05:00"}
{"level":"error","message":"Token not provided!","timestamp":"2025-09-20 20:05:01"}
{"level":"error","message":"UNAUTH reqeustId: f256da95-fc19-4a58-a3f7-e3c7b56184fd","timestamp":"2025-09-20 20:05:01"}
{"level":"error","message":"Token not provided!","timestamp":"2025-09-20 20:05:01"}
{"level":"error","message":"UNAUTH reqeustId: 4b06ff27-4ac7-4350-bd22-63300fed32de","timestamp":"2025-09-20 20:05:01"}
{"level":"error","message":"Token not provided!","timestamp":"2025-09-20 20:05:18"}
{"level":"error","message":"UNAUTH reqeustId: 2581f45a-c981-4b84-a152-24830ceb2010","timestamp":"2025-09-20 20:05:18"}
{"level":"error","message":"Token not provided!","timestamp":"2025-09-20 20:07:19"}
{"level":"error","message":"UNAUTH reqeustId: 85f32094-f65c-4874-9487-afef841b45a2","timestamp":"2025-09-20 20:07:19"}
{"level":"error","message":"Token not provided!","timestamp":"2025-09-20 20:07:23"}
{"level":"error","message":"UNAUTH reqeustId: 289efbaa-ff96-4287-a7f3-ca8d71102717","timestamp":"2025-09-20 20:07:23"}
{"level":"error","message":"Token not provided!","timestamp":"2025-09-20 20:07:29"}
{"level":"error","message":"UNAUTH reqeustId: 7f851245-31d2-4a2f-a83a-978a58dde1b3","timestamp":"2025-09-20 20:07:29"}
{"level":"error","message":"Token not provided!","timestamp":"2025-09-20 20:07:30"}
{"level":"error","message":"UNAUTH reqeustId: f311585e-3be7-4f7d-a31f-991942cf8676","timestamp":"2025-09-20 20:07:30"}
{"level":"error","message":"Token not provided!","timestamp":"2025-09-20 20:07:30"}
{"level":"error","message":"UNAUTH reqeustId: bb08c4f5-deda-43f9-a832-73e6a15ee3f1","timestamp":"2025-09-20 20:07:30"}
{"level":"error","message":"Token not provided!","timestamp":"2025-09-20 20:07:30"}
{"level":"error","message":"UNAUTH reqeustId: 23f2ff85-b6e3-424e-ad1e-c30ff957bcca","timestamp":"2025-09-20 20:07:30"}
{"level":"error","message":"Token not provided!","timestamp":"2025-09-20 20:07:30"}
{"level":"error","message":"UNAUTH reqeustId: 707e7183-5a15-4a51-b753-27e5a9e538ef","timestamp":"2025-09-20 20:07:30"}
{"level":"error","message":"Token not provided!","timestamp":"2025-09-20 20:07:31"}
{"level":"error","message":"UNAUTH reqeustId: afdf57d6-765d-4607-86c7-5bc78c31e7f6","timestamp":"2025-09-20 20:07:31"}
{"level":"error","message":"Token not provided!","timestamp":"2025-09-20 20:07:39"}
{"level":"error","message":"UNAUTH reqeustId: b1d5dd07-9bee-47b9-b0f5-4f8a036b6e02","timestamp":"2025-09-20 20:07:39"}
{"level":"error","message":"Token not provided!","timestamp":"2025-09-20 20:08:09"}
{"level":"error","message":"UNAUTH reqeustId: f6483591-1b46-4a3f-8322-4a6db65f580f","timestamp":"2025-09-20 20:08:09"}
{"level":"error","message":"Token not provided!","timestamp":"2025-09-20 20:08:23"}
{"level":"error","message":"UNAUTH reqeustId: 12d20cd0-2da6-433a-ba9b-d0fa334ceb64","timestamp":"2025-09-20 20:08:23"}
{"level":"error","message":"Duplicate entry 'user111111@example.com' for key 'users.userName_UNIQUE' reqeustId: 5d1812f9-9198-4503-bd71-8a389395ebc7","timestamp":"2025-09-20 20:09:51"}
{"level":"error","message":"Duplicate entry 'user@example.com' for key 'users.userName_UNIQUE' reqeustId: a67c9309-6323-43e4-a1b3-92c051f8ca06","timestamp":"2025-09-21 08:20:47"}
{"level":"error","message":"BAD_REQUEST reqeustId: 756e7858-3c6c-458e-9db5-5a58d23c8efc","timestamp":"2025-09-21 08:23:07"}
{"level":"error","message":"UNAUTH reqeustId: ba559697-3076-42a6-bd3d-dbe166d8b672","timestamp":"2025-09-21 08:23:07"}
{"level":"error","message":"BAD_REQUEST reqeustId: 05900844-5604-4991-be89-988cfdb847ab","timestamp":"2025-09-21 08:23:14"}
{"level":"error","message":"UNAUTH reqeustId: b59eee68-9c3d-42c5-b3b3-157e1c41ccf6","timestamp":"2025-09-21 08:23:14"}
