{"level":"info","message":"Api is running on port 3000!!!","timestamp":"2025-09-14 18:36:25"}
{"level":"info","message":"Api is running on port 3000!!!","timestamp":"2025-09-14 18:36:25"}
{"level":"info","message":"Api is running on port 3000!!!","timestamp":"2025-09-14 18:36:26"}
{"level":"info","message":"Api is running on port 3000!!!","timestamp":"2025-09-14 18:36:26"}
{"level":"info","message":"[Start 2025-09-14T15:36:39.522Z]=>/ d78211dc-ce15-44da-8cf3-b47e240d25bb","timestamp":"2025-09-14 18:36:39"}
{"level":"info","message":"[Start 2025-09-14T15:36:39.522Z]=>/ d78211dc-ce15-44da-8cf3-b47e240d25bb","timestamp":"2025-09-14 18:36:39"}
{"level":"error","message":"ENOENT: no such file or directory, stat '/Users/galamouy/lectures/node/nodejs_115/Lesson_10/api_1/dist/public/index.html' reqeustId: d78211dc-ce15-44da-8cf3-b47e240d25bb","timestamp":"2025-09-14 18:36:39"}
{"level":"error","message":"ENOENT: no such file or directory, stat '/Users/galamouy/lectures/node/nodejs_115/Lesson_10/api_1/dist/public/index.html' reqeustId: d78211dc-ce15-44da-8cf3-b47e240d25bb","timestamp":"2025-09-14 18:36:39"}
{"level":"info","message":"[Finish 2025-09-14T15:36:39.543Z]=>/ :: duration: 21ms  d78211dc-ce15-44da-8cf3-b47e240d25bb","timestamp":"2025-09-14 18:36:39"}
{"level":"info","message":"[Finish 2025-09-14T15:36:39.543Z]=>/ :: duration: 21ms  d78211dc-ce15-44da-8cf3-b47e240d25bb","timestamp":"2025-09-14 18:36:39"}
{"level":"info","message":"Api is running on port 3000!!!","timestamp":"2025-09-14 18:37:36"}
{"level":"info","message":"Api is running on port 3000!!!","timestamp":"2025-09-14 18:37:36"}
{"level":"info","message":"[Start 2025-09-14T15:37:42.244Z]=>/ aeaa420c-8c08-4105-a974-1311b41b74f3","timestamp":"2025-09-14 18:37:42"}
{"level":"info","message":"[Start 2025-09-14T15:37:42.244Z]=>/ aeaa420c-8c08-4105-a974-1311b41b74f3","timestamp":"2025-09-14 18:37:42"}
{"level":"info","message":"[Finish 2025-09-14T15:37:42.253Z]=>/ :: duration: 9ms  aeaa420c-8c08-4105-a974-1311b41b74f3","timestamp":"2025-09-14 18:37:42"}
{"level":"info","message":"[Finish 2025-09-14T15:37:42.253Z]=>/ :: duration: 9ms  aeaa420c-8c08-4105-a974-1311b41b74f3","timestamp":"2025-09-14 18:37:42"}
{"level":"info","message":"[Start 2025-09-14T15:37:42.272Z]=>/assets/index-yee8rpoy.js 57601fa8-7683-4526-bf35-a8cd429d78f2","timestamp":"2025-09-14 18:37:42"}
{"level":"info","message":"[Start 2025-09-14T15:37:42.272Z]=>/assets/index-yee8rpoy.js 57601fa8-7683-4526-bf35-a8cd429d78f2","timestamp":"2025-09-14 18:37:42"}
{"level":"info","message":"[Start 2025-09-14T15:37:42.273Z]=>/assets/index-D6QdzTEC.css c64731f7-5d9d-4df0-a39b-9ed50a3958eb","timestamp":"2025-09-14 18:37:42"}
{"level":"info","message":"[Start 2025-09-14T15:37:42.273Z]=>/assets/index-D6QdzTEC.css c64731f7-5d9d-4df0-a39b-9ed50a3958eb","timestamp":"2025-09-14 18:37:42"}
{"level":"info","message":"[Finish 2025-09-14T15:37:42.276Z]=>/assets/index-D6QdzTEC.css :: duration: 3ms  c64731f7-5d9d-4df0-a39b-9ed50a3958eb","timestamp":"2025-09-14 18:37:42"}
{"level":"info","message":"[Finish 2025-09-14T15:37:42.276Z]=>/assets/index-D6QdzTEC.css :: duration: 3ms  c64731f7-5d9d-4df0-a39b-9ed50a3958eb","timestamp":"2025-09-14 18:37:42"}
{"level":"info","message":"[Finish 2025-09-14T15:37:42.314Z]=>/assets/index-yee8rpoy.js :: duration: 42ms  57601fa8-7683-4526-bf35-a8cd429d78f2","timestamp":"2025-09-14 18:37:42"}
{"level":"info","message":"[Finish 2025-09-14T15:37:42.314Z]=>/assets/index-yee8rpoy.js :: duration: 42ms  57601fa8-7683-4526-bf35-a8cd429d78f2","timestamp":"2025-09-14 18:37:42"}
{"level":"info","message":"[Start 2025-09-14T15:37:42.389Z]=>/api/user/details 10e6c3d6-45ea-4b10-bbde-078a19f3df08","timestamp":"2025-09-14 18:37:42"}
{"level":"info","message":"[Start 2025-09-14T15:37:42.389Z]=>/api/user/details 10e6c3d6-45ea-4b10-bbde-078a19f3df08","timestamp":"2025-09-14 18:37:42"}
{"level":"error","message":"Token not provided!","timestamp":"2025-09-14 18:37:42"}
{"level":"error","message":"Token not provided!","timestamp":"2025-09-14 18:37:42"}
{"level":"error","message":"UNAUTH reqeustId: 10e6c3d6-45ea-4b10-bbde-078a19f3df08","timestamp":"2025-09-14 18:37:42"}
{"level":"info","message":"[Finish 2025-09-14T15:37:42.393Z]=>/api/user/details :: duration: 4ms  10e6c3d6-45ea-4b10-bbde-078a19f3df08","timestamp":"2025-09-14 18:37:42"}
{"level":"error","message":"UNAUTH reqeustId: 10e6c3d6-45ea-4b10-bbde-078a19f3df08","timestamp":"2025-09-14 18:37:42"}
{"level":"info","message":"[Finish 2025-09-14T15:37:42.393Z]=>/api/user/details :: duration: 4ms  10e6c3d6-45ea-4b10-bbde-078a19f3df08","timestamp":"2025-09-14 18:37:42"}
{"level":"info","message":"[Start 2025-09-14T15:37:42.406Z]=>/assets/favicon-csIxjeK3.svg 767a908e-eafc-4901-a458-a54cc53041e7","timestamp":"2025-09-14 18:37:42"}
{"level":"info","message":"[Start 2025-09-14T15:37:42.406Z]=>/assets/favicon-csIxjeK3.svg 767a908e-eafc-4901-a458-a54cc53041e7","timestamp":"2025-09-14 18:37:42"}
{"level":"info","message":"[Finish 2025-09-14T15:37:42.408Z]=>/assets/favicon-csIxjeK3.svg :: duration: 2ms  767a908e-eafc-4901-a458-a54cc53041e7","timestamp":"2025-09-14 18:37:42"}
{"level":"info","message":"[Finish 2025-09-14T15:37:42.408Z]=>/assets/favicon-csIxjeK3.svg :: duration: 2ms  767a908e-eafc-4901-a458-a54cc53041e7","timestamp":"2025-09-14 18:37:42"}
{"level":"info","message":"[Start 2025-09-14T15:37:58.219Z]=>/assets/favicon-csIxjeK3.svg ce21945a-7a77-4344-b248-341a1ca3ed88","timestamp":"2025-09-14 18:37:58"}
{"level":"info","message":"[Start 2025-09-14T15:37:58.219Z]=>/assets/favicon-csIxjeK3.svg ce21945a-7a77-4344-b248-341a1ca3ed88","timestamp":"2025-09-14 18:37:58"}
{"level":"info","message":"[Finish 2025-09-14T15:37:58.225Z]=>/assets/favicon-csIxjeK3.svg :: duration: 6ms  ce21945a-7a77-4344-b248-341a1ca3ed88","timestamp":"2025-09-14 18:37:58"}
{"level":"info","message":"[Finish 2025-09-14T15:37:58.225Z]=>/assets/favicon-csIxjeK3.svg :: duration: 6ms  ce21945a-7a77-4344-b248-341a1ca3ed88","timestamp":"2025-09-14 18:37:58"}
{"level":"info","message":"[Start 2025-09-14T15:38:01.929Z]=>/auth/login 955556b2-7737-48e1-bee3-7f7dbeb962fb","timestamp":"2025-09-14 18:38:01"}
{"level":"info","message":"[Start 2025-09-14T15:38:01.929Z]=>/auth/login 955556b2-7737-48e1-bee3-7f7dbeb962fb","timestamp":"2025-09-14 18:38:01"}
{"level":"info","message":"[Finish 2025-09-14T15:38:02.043Z]=>/auth/login :: duration: 114ms  955556b2-7737-48e1-bee3-7f7dbeb962fb","timestamp":"2025-09-14 18:38:02"}
{"level":"info","message":"[Finish 2025-09-14T15:38:02.043Z]=>/auth/login :: duration: 114ms  955556b2-7737-48e1-bee3-7f7dbeb962fb","timestamp":"2025-09-14 18:38:02"}
{"level":"info","message":"[Start 2025-09-14T15:38:02.072Z]=>/api/expenses/dates?from=2025-05-25+09:08:04&to=2026-08-22+12:39:23 5540da9f-687f-4cfa-aa4d-f00baf493ac3","timestamp":"2025-09-14 18:38:02"}
{"level":"info","message":"[Start 2025-09-14T15:38:02.072Z]=>/api/expenses/dates?from=2025-05-25+09:08:04&to=2026-08-22+12:39:23 5540da9f-687f-4cfa-aa4d-f00baf493ac3","timestamp":"2025-09-14 18:38:02"}
{"level":"info","message":"[Start 2025-09-14T15:38:02.077Z]=>/api/user/details aade998e-55f9-43a9-91d5-9b904dcd1137","timestamp":"2025-09-14 18:38:02"}
{"level":"info","message":"[Start 2025-09-14T15:38:02.077Z]=>/api/user/details aade998e-55f9-43a9-91d5-9b904dcd1137","timestamp":"2025-09-14 18:38:02"}
{"level":"info","message":"[Finish 2025-09-14T15:38:02.111Z]=>/api/user/details :: duration: 34ms  aade998e-55f9-43a9-91d5-9b904dcd1137","timestamp":"2025-09-14 18:38:02"}
{"level":"info","message":"[Finish 2025-09-14T15:38:02.111Z]=>/api/user/details :: duration: 34ms  aade998e-55f9-43a9-91d5-9b904dcd1137","timestamp":"2025-09-14 18:38:02"}
{"level":"info","message":"[Finish 2025-09-14T15:38:02.113Z]=>/api/expenses/dates?from=2025-05-25+09:08:04&to=2026-08-22+12:39:23 :: duration: 41ms  5540da9f-687f-4cfa-aa4d-f00baf493ac3","timestamp":"2025-09-14 18:38:02"}
{"level":"info","message":"[Finish 2025-09-14T15:38:02.113Z]=>/api/expenses/dates?from=2025-05-25+09:08:04&to=2026-08-22+12:39:23 :: duration: 41ms  5540da9f-687f-4cfa-aa4d-f00baf493ac3","timestamp":"2025-09-14 18:38:02"}
{"level":"info","message":"[Start 2025-09-14T15:38:41.849Z]=>/user 6e4a35e4-2518-422c-b97f-2648e7b8d34f","timestamp":"2025-09-14 18:38:41"}
{"level":"info","message":"[Start 2025-09-14T15:38:41.849Z]=>/user 6e4a35e4-2518-422c-b97f-2648e7b8d34f","timestamp":"2025-09-14 18:38:41"}
{"level":"error","message":"Token not provided!","timestamp":"2025-09-14 18:38:41"}
{"level":"error","message":"Token not provided!","timestamp":"2025-09-14 18:38:41"}
{"level":"error","message":"UNAUTH reqeustId: 6e4a35e4-2518-422c-b97f-2648e7b8d34f","timestamp":"2025-09-14 18:38:41"}
{"level":"info","message":"[Finish 2025-09-14T15:38:41.850Z]=>/user :: duration: 1ms  6e4a35e4-2518-422c-b97f-2648e7b8d34f","timestamp":"2025-09-14 18:38:41"}
{"level":"error","message":"UNAUTH reqeustId: 6e4a35e4-2518-422c-b97f-2648e7b8d34f","timestamp":"2025-09-14 18:38:41"}
{"level":"info","message":"[Finish 2025-09-14T15:38:41.850Z]=>/user :: duration: 1ms  6e4a35e4-2518-422c-b97f-2648e7b8d34f","timestamp":"2025-09-14 18:38:41"}
{"level":"info","message":"[Start 2025-09-14T15:38:44.136Z]=>/ c484ff33-afb1-4b50-b4a3-964cde74fa69","timestamp":"2025-09-14 18:38:44"}
{"level":"info","message":"[Start 2025-09-14T15:38:44.136Z]=>/ c484ff33-afb1-4b50-b4a3-964cde74fa69","timestamp":"2025-09-14 18:38:44"}
{"level":"info","message":"[Finish 2025-09-14T15:38:44.140Z]=>/ :: duration: 4ms  c484ff33-afb1-4b50-b4a3-964cde74fa69","timestamp":"2025-09-14 18:38:44"}
{"level":"info","message":"[Finish 2025-09-14T15:38:44.140Z]=>/ :: duration: 4ms  c484ff33-afb1-4b50-b4a3-964cde74fa69","timestamp":"2025-09-14 18:38:44"}
{"level":"info","message":"[Start 2025-09-14T15:38:44.189Z]=>/assets/index-yee8rpoy.js 8490a46d-3e97-4f0f-aec7-c78015699606","timestamp":"2025-09-14 18:38:44"}
{"level":"info","message":"[Start 2025-09-14T15:38:44.189Z]=>/assets/index-yee8rpoy.js 8490a46d-3e97-4f0f-aec7-c78015699606","timestamp":"2025-09-14 18:38:44"}
{"level":"info","message":"[Start 2025-09-14T15:38:44.192Z]=>/assets/index-D6QdzTEC.css dc2f79bc-8967-47a5-b729-0bb85b09b042","timestamp":"2025-09-14 18:38:44"}
{"level":"info","message":"[Start 2025-09-14T15:38:44.192Z]=>/assets/index-D6QdzTEC.css dc2f79bc-8967-47a5-b729-0bb85b09b042","timestamp":"2025-09-14 18:38:44"}
{"level":"info","message":"[Finish 2025-09-14T15:38:44.193Z]=>/assets/index-yee8rpoy.js :: duration: 4ms  8490a46d-3e97-4f0f-aec7-c78015699606","timestamp":"2025-09-14 18:38:44"}
{"level":"info","message":"[Finish 2025-09-14T15:38:44.196Z]=>/assets/index-D6QdzTEC.css :: duration: 4ms  dc2f79bc-8967-47a5-b729-0bb85b09b042","timestamp":"2025-09-14 18:38:44"}
{"level":"info","message":"[Finish 2025-09-14T15:38:44.193Z]=>/assets/index-yee8rpoy.js :: duration: 4ms  8490a46d-3e97-4f0f-aec7-c78015699606","timestamp":"2025-09-14 18:38:44"}
{"level":"info","message":"[Finish 2025-09-14T15:38:44.196Z]=>/assets/index-D6QdzTEC.css :: duration: 4ms  dc2f79bc-8967-47a5-b729-0bb85b09b042","timestamp":"2025-09-14 18:38:44"}
{"level":"info","message":"[Start 2025-09-14T15:38:44.242Z]=>/api/user/details 0f4837d8-c4b1-48fb-b326-9f4dac31826e","timestamp":"2025-09-14 18:38:44"}
{"level":"info","message":"[Start 2025-09-14T15:38:44.242Z]=>/api/user/details 0f4837d8-c4b1-48fb-b326-9f4dac31826e","timestamp":"2025-09-14 18:38:44"}
{"level":"info","message":"[Start 2025-09-14T15:38:44.259Z]=>/dates?from=2025-07-14&to=2025-09-14 35b277be-65d7-49e1-ba17-1749cb46bc06","timestamp":"2025-09-14 18:38:44"}
{"level":"info","message":"[Start 2025-09-14T15:38:44.259Z]=>/dates?from=2025-07-14&to=2025-09-14 35b277be-65d7-49e1-ba17-1749cb46bc06","timestamp":"2025-09-14 18:38:44"}
{"level":"error","message":"Token is not valid!","timestamp":"2025-09-14 18:38:44"}
{"level":"error","message":"Token is not valid!","timestamp":"2025-09-14 18:38:44"}
{"level":"error","message":"UNAUTH reqeustId: 35b277be-65d7-49e1-ba17-1749cb46bc06","timestamp":"2025-09-14 18:38:44"}
{"level":"info","message":"[Finish 2025-09-14T15:38:44.265Z]=>/dates?from=2025-07-14&to=2025-09-14 :: duration: 6ms  35b277be-65d7-49e1-ba17-1749cb46bc06","timestamp":"2025-09-14 18:38:44"}
{"level":"error","message":"UNAUTH reqeustId: 35b277be-65d7-49e1-ba17-1749cb46bc06","timestamp":"2025-09-14 18:38:44"}
{"level":"info","message":"[Finish 2025-09-14T15:38:44.265Z]=>/dates?from=2025-07-14&to=2025-09-14 :: duration: 6ms  35b277be-65d7-49e1-ba17-1749cb46bc06","timestamp":"2025-09-14 18:38:44"}
{"level":"info","message":"[Finish 2025-09-14T15:38:44.309Z]=>/api/user/details :: duration: 67ms  0f4837d8-c4b1-48fb-b326-9f4dac31826e","timestamp":"2025-09-14 18:38:44"}
{"level":"info","message":"[Finish 2025-09-14T15:38:44.309Z]=>/api/user/details :: duration: 67ms  0f4837d8-c4b1-48fb-b326-9f4dac31826e","timestamp":"2025-09-14 18:38:44"}
{"level":"info","message":"[Start 2025-09-14T15:38:44.821Z]=>/assets/favicon-csIxjeK3.svg dd331f96-015d-4c2d-a571-5de3d7f72edf","timestamp":"2025-09-14 18:38:44"}
{"level":"info","message":"[Start 2025-09-14T15:38:44.821Z]=>/assets/favicon-csIxjeK3.svg dd331f96-015d-4c2d-a571-5de3d7f72edf","timestamp":"2025-09-14 18:38:44"}
{"level":"info","message":"[Finish 2025-09-14T15:38:44.824Z]=>/assets/favicon-csIxjeK3.svg :: duration: 3ms  dd331f96-015d-4c2d-a571-5de3d7f72edf","timestamp":"2025-09-14 18:38:44"}
{"level":"info","message":"[Finish 2025-09-14T15:38:44.824Z]=>/assets/favicon-csIxjeK3.svg :: duration: 3ms  dd331f96-015d-4c2d-a571-5de3d7f72edf","timestamp":"2025-09-14 18:38:44"}
{"level":"info","message":"Api is running on port 3000!!!","timestamp":"2025-09-20 22:53:19"}
{"level":"info","message":"Api is running on port 3000!!!","timestamp":"2025-09-20 22:53:19"}
{"level":"info","message":"[Start 2025-09-20T19:53:47.663Z]=>/api-docs 38cfacd4-0624-49a9-8daa-dc26aca22fb1","timestamp":"2025-09-20 22:53:47"}
{"level":"info","message":"[Start 2025-09-20T19:53:47.663Z]=>/api-docs 38cfacd4-0624-49a9-8daa-dc26aca22fb1","timestamp":"2025-09-20 22:53:47"}
{"level":"info","message":"[Finish 2025-09-20T19:53:47.671Z]=>/api-docs :: duration: 9ms  38cfacd4-0624-49a9-8daa-dc26aca22fb1","timestamp":"2025-09-20 22:53:47"}
{"level":"info","message":"[Finish 2025-09-20T19:53:47.671Z]=>/api-docs :: duration: 9ms  38cfacd4-0624-49a9-8daa-dc26aca22fb1","timestamp":"2025-09-20 22:53:47"}
{"level":"info","message":"[Start 2025-09-20T19:53:47.673Z]=>/api-docs/ 08708683-f735-4fd0-b0f6-b02448afd73d","timestamp":"2025-09-20 22:53:47"}
{"level":"info","message":"[Start 2025-09-20T19:53:47.673Z]=>/api-docs/ 08708683-f735-4fd0-b0f6-b02448afd73d","timestamp":"2025-09-20 22:53:47"}
{"level":"info","message":"[Finish 2025-09-20T19:53:47.678Z]=>/api-docs/ :: duration: 5ms  08708683-f735-4fd0-b0f6-b02448afd73d","timestamp":"2025-09-20 22:53:47"}
{"level":"info","message":"[Finish 2025-09-20T19:53:47.678Z]=>/api-docs/ :: duration: 5ms  08708683-f735-4fd0-b0f6-b02448afd73d","timestamp":"2025-09-20 22:53:47"}
{"level":"info","message":"[Start 2025-09-20T19:53:47.721Z]=>/api-docs/swagger-ui.css 80b5c1d2-438c-48ab-9d5c-7a1e69cdf940","timestamp":"2025-09-20 22:53:47"}
{"level":"info","message":"[Start 2025-09-20T19:53:47.721Z]=>/api-docs/swagger-ui.css 80b5c1d2-438c-48ab-9d5c-7a1e69cdf940","timestamp":"2025-09-20 22:53:47"}
{"level":"info","message":"[Start 2025-09-20T19:53:47.733Z]=>/api-docs/swagger-ui-bundle.js 602d154f-6add-43e9-9a60-79d518cfa381","timestamp":"2025-09-20 22:53:47"}
{"level":"info","message":"[Start 2025-09-20T19:53:47.733Z]=>/api-docs/swagger-ui-bundle.js 602d154f-6add-43e9-9a60-79d518cfa381","timestamp":"2025-09-20 22:53:47"}
{"level":"info","message":"[Start 2025-09-20T19:53:47.775Z]=>/api-docs/swagger-ui-standalone-preset.js 3f132a5b-7c77-4071-891c-72840bb732b4","timestamp":"2025-09-20 22:53:47"}
{"level":"info","message":"[Start 2025-09-20T19:53:47.775Z]=>/api-docs/swagger-ui-standalone-preset.js 3f132a5b-7c77-4071-891c-72840bb732b4","timestamp":"2025-09-20 22:53:47"}
{"level":"info","message":"[Start 2025-09-20T19:53:47.776Z]=>/api-docs/swagger-ui-init.js 31ba9120-73c5-4c2e-907d-5ac099508e00","timestamp":"2025-09-20 22:53:47"}
{"level":"info","message":"[Finish 2025-09-20T19:53:47.777Z]=>/api-docs/swagger-ui-init.js :: duration: 1ms  31ba9120-73c5-4c2e-907d-5ac099508e00","timestamp":"2025-09-20 22:53:47"}
{"level":"info","message":"[Start 2025-09-20T19:53:47.776Z]=>/api-docs/swagger-ui-init.js 31ba9120-73c5-4c2e-907d-5ac099508e00","timestamp":"2025-09-20 22:53:47"}
{"level":"info","message":"[Finish 2025-09-20T19:53:47.777Z]=>/api-docs/swagger-ui-init.js :: duration: 1ms  31ba9120-73c5-4c2e-907d-5ac099508e00","timestamp":"2025-09-20 22:53:47"}
{"level":"info","message":"[Finish 2025-09-20T19:53:47.787Z]=>/api-docs/swagger-ui.css :: duration: 66ms  80b5c1d2-438c-48ab-9d5c-7a1e69cdf940","timestamp":"2025-09-20 22:53:47"}
{"level":"info","message":"[Finish 2025-09-20T19:53:47.787Z]=>/api-docs/swagger-ui.css :: duration: 66ms  80b5c1d2-438c-48ab-9d5c-7a1e69cdf940","timestamp":"2025-09-20 22:53:47"}
{"level":"info","message":"[Finish 2025-09-20T19:53:47.800Z]=>/api-docs/swagger-ui-standalone-preset.js :: duration: 25ms  3f132a5b-7c77-4071-891c-72840bb732b4","timestamp":"2025-09-20 22:53:47"}
{"level":"info","message":"[Finish 2025-09-20T19:53:47.800Z]=>/api-docs/swagger-ui-standalone-preset.js :: duration: 25ms  3f132a5b-7c77-4071-891c-72840bb732b4","timestamp":"2025-09-20 22:53:47"}
{"level":"info","message":"[Finish 2025-09-20T19:53:47.836Z]=>/api-docs/swagger-ui-bundle.js :: duration: 103ms  602d154f-6add-43e9-9a60-79d518cfa381","timestamp":"2025-09-20 22:53:47"}
{"level":"info","message":"[Finish 2025-09-20T19:53:47.836Z]=>/api-docs/swagger-ui-bundle.js :: duration: 103ms  602d154f-6add-43e9-9a60-79d518cfa381","timestamp":"2025-09-20 22:53:47"}
{"level":"info","message":"[Start 2025-09-20T19:53:48.077Z]=>/api-docs/favicon-32x32.png 78411f20-e79e-4ac2-9654-411f33401e39","timestamp":"2025-09-20 22:53:48"}
{"level":"info","message":"[Start 2025-09-20T19:53:48.077Z]=>/api-docs/favicon-32x32.png 78411f20-e79e-4ac2-9654-411f33401e39","timestamp":"2025-09-20 22:53:48"}
{"level":"info","message":"[Finish 2025-09-20T19:53:48.080Z]=>/api-docs/favicon-32x32.png :: duration: 3ms  78411f20-e79e-4ac2-9654-411f33401e39","timestamp":"2025-09-20 22:53:48"}
{"level":"info","message":"[Finish 2025-09-20T19:53:48.080Z]=>/api-docs/favicon-32x32.png :: duration: 3ms  78411f20-e79e-4ac2-9654-411f33401e39","timestamp":"2025-09-20 22:53:48"}
{"level":"info","message":"Api is running on port 3000!!!","timestamp":"2025-09-20 22:56:50"}
{"level":"info","message":"Api is running on port 3000!!!","timestamp":"2025-09-20 22:56:50"}
{"level":"info","message":"[Start 2025-09-20T19:56:57.866Z]=>/api-docs/ 3f96b2a6-937e-4215-880c-152fbc6d3725","timestamp":"2025-09-20 22:56:57"}
{"level":"info","message":"[Start 2025-09-20T19:56:57.866Z]=>/api-docs/ 3f96b2a6-937e-4215-880c-152fbc6d3725","timestamp":"2025-09-20 22:56:57"}
{"level":"info","message":"[Finish 2025-09-20T19:56:57.874Z]=>/api-docs/ :: duration: 8ms  3f96b2a6-937e-4215-880c-152fbc6d3725","timestamp":"2025-09-20 22:56:57"}
{"level":"info","message":"[Finish 2025-09-20T19:56:57.874Z]=>/api-docs/ :: duration: 8ms  3f96b2a6-937e-4215-880c-152fbc6d3725","timestamp":"2025-09-20 22:56:57"}
{"level":"info","message":"[Start 2025-09-20T19:56:57.941Z]=>/api-docs/swagger-ui.css 48670713-4925-422f-93a3-b6d259473f5b","timestamp":"2025-09-20 22:56:57"}
{"level":"info","message":"[Start 2025-09-20T19:56:57.941Z]=>/api-docs/swagger-ui.css 48670713-4925-422f-93a3-b6d259473f5b","timestamp":"2025-09-20 22:56:57"}
{"level":"info","message":"[Start 2025-09-20T19:56:57.949Z]=>/api-docs/swagger-ui-bundle.js a975dbb5-04e6-4be9-ab2d-febcc5d15ddd","timestamp":"2025-09-20 22:56:57"}
{"level":"info","message":"[Start 2025-09-20T19:56:57.981Z]=>/api-docs/swagger-ui-standalone-preset.js 855a8e52-76a2-42ad-af1d-e48f29bcacd9","timestamp":"2025-09-20 22:56:57"}
{"level":"info","message":"[Start 2025-09-20T19:56:57.949Z]=>/api-docs/swagger-ui-bundle.js a975dbb5-04e6-4be9-ab2d-febcc5d15ddd","timestamp":"2025-09-20 22:56:57"}
{"level":"info","message":"[Start 2025-09-20T19:56:57.981Z]=>/api-docs/swagger-ui-standalone-preset.js 855a8e52-76a2-42ad-af1d-e48f29bcacd9","timestamp":"2025-09-20 22:56:57"}
{"level":"info","message":"[Finish 2025-09-20T19:56:57.989Z]=>/api-docs/swagger-ui.css :: duration: 48ms  48670713-4925-422f-93a3-b6d259473f5b","timestamp":"2025-09-20 22:56:57"}
{"level":"info","message":"[Finish 2025-09-20T19:56:57.989Z]=>/api-docs/swagger-ui-bundle.js :: duration: 40ms  a975dbb5-04e6-4be9-ab2d-febcc5d15ddd","timestamp":"2025-09-20 22:56:57"}
{"level":"info","message":"[Start 2025-09-20T19:56:57.990Z]=>/api-docs/swagger-ui-init.js 78c1b0d0-27bd-4f19-85ec-6dd1fbbf42fd","timestamp":"2025-09-20 22:56:57"}
{"level":"info","message":"[Finish 2025-09-20T19:56:57.991Z]=>/api-docs/swagger-ui-init.js :: duration: 1ms  78c1b0d0-27bd-4f19-85ec-6dd1fbbf42fd","timestamp":"2025-09-20 22:56:57"}
{"level":"info","message":"[Finish 2025-09-20T19:56:57.992Z]=>/api-docs/swagger-ui-standalone-preset.js :: duration: 11ms  855a8e52-76a2-42ad-af1d-e48f29bcacd9","timestamp":"2025-09-20 22:56:57"}
{"level":"info","message":"[Finish 2025-09-20T19:56:57.989Z]=>/api-docs/swagger-ui.css :: duration: 48ms  48670713-4925-422f-93a3-b6d259473f5b","timestamp":"2025-09-20 22:56:57"}
{"level":"info","message":"[Finish 2025-09-20T19:56:57.989Z]=>/api-docs/swagger-ui-bundle.js :: duration: 40ms  a975dbb5-04e6-4be9-ab2d-febcc5d15ddd","timestamp":"2025-09-20 22:56:57"}
{"level":"info","message":"[Start 2025-09-20T19:56:57.990Z]=>/api-docs/swagger-ui-init.js 78c1b0d0-27bd-4f19-85ec-6dd1fbbf42fd","timestamp":"2025-09-20 22:56:57"}
{"level":"info","message":"[Finish 2025-09-20T19:56:57.991Z]=>/api-docs/swagger-ui-init.js :: duration: 1ms  78c1b0d0-27bd-4f19-85ec-6dd1fbbf42fd","timestamp":"2025-09-20 22:56:57"}
{"level":"info","message":"[Finish 2025-09-20T19:56:57.992Z]=>/api-docs/swagger-ui-standalone-preset.js :: duration: 11ms  855a8e52-76a2-42ad-af1d-e48f29bcacd9","timestamp":"2025-09-20 22:56:57"}
{"level":"info","message":"[Start 2025-09-20T19:56:58.109Z]=>/api-docs/favicon-32x32.png cd0a5190-089a-4ca2-8235-5e7a0dd02e81","timestamp":"2025-09-20 22:56:58"}
{"level":"info","message":"[Start 2025-09-20T19:56:58.109Z]=>/api-docs/favicon-32x32.png cd0a5190-089a-4ca2-8235-5e7a0dd02e81","timestamp":"2025-09-20 22:56:58"}
{"level":"info","message":"[Finish 2025-09-20T19:56:58.114Z]=>/api-docs/favicon-32x32.png :: duration: 5ms  cd0a5190-089a-4ca2-8235-5e7a0dd02e81","timestamp":"2025-09-20 22:56:58"}
{"level":"info","message":"[Finish 2025-09-20T19:56:58.114Z]=>/api-docs/favicon-32x32.png :: duration: 5ms  cd0a5190-089a-4ca2-8235-5e7a0dd02e81","timestamp":"2025-09-20 22:56:58"}
{"level":"info","message":"[Start 2025-09-20T19:57:02.060Z]=>/api-docs/ 15615a66-56ba-42f8-a9d0-d0d37e9d15e2","timestamp":"2025-09-20 22:57:02"}
{"level":"info","message":"[Start 2025-09-20T19:57:02.060Z]=>/api-docs/ 15615a66-56ba-42f8-a9d0-d0d37e9d15e2","timestamp":"2025-09-20 22:57:02"}
{"level":"info","message":"[Finish 2025-09-20T19:57:02.062Z]=>/api-docs/ :: duration: 2ms  15615a66-56ba-42f8-a9d0-d0d37e9d15e2","timestamp":"2025-09-20 22:57:02"}
{"level":"info","message":"[Finish 2025-09-20T19:57:02.062Z]=>/api-docs/ :: duration: 2ms  15615a66-56ba-42f8-a9d0-d0d37e9d15e2","timestamp":"2025-09-20 22:57:02"}
{"level":"info","message":"[Start 2025-09-20T19:57:02.076Z]=>/api-docs/swagger-ui.css 1fa69369-ad4a-4b5a-a95c-3fb0864538a9","timestamp":"2025-09-20 22:57:02"}
{"level":"info","message":"[Start 2025-09-20T19:57:02.076Z]=>/api-docs/swagger-ui.css 1fa69369-ad4a-4b5a-a95c-3fb0864538a9","timestamp":"2025-09-20 22:57:02"}
{"level":"info","message":"[Start 2025-09-20T19:57:02.077Z]=>/api-docs/swagger-ui-bundle.js b2be713a-4b26-48d6-99f5-b942b42f0b52","timestamp":"2025-09-20 22:57:02"}
{"level":"info","message":"[Start 2025-09-20T19:57:02.079Z]=>/api-docs/swagger-ui-standalone-preset.js 194e5876-dcc7-4e6f-9e75-ccebca5915d2","timestamp":"2025-09-20 22:57:02"}
{"level":"info","message":"[Start 2025-09-20T19:57:02.083Z]=>/api-docs/swagger-ui-init.js c18b801d-1e08-41d7-bddb-a1ba51c7b874","timestamp":"2025-09-20 22:57:02"}
{"level":"info","message":"[Finish 2025-09-20T19:57:02.084Z]=>/api-docs/swagger-ui-init.js :: duration: 1ms  c18b801d-1e08-41d7-bddb-a1ba51c7b874","timestamp":"2025-09-20 22:57:02"}
{"level":"info","message":"[Start 2025-09-20T19:57:02.077Z]=>/api-docs/swagger-ui-bundle.js b2be713a-4b26-48d6-99f5-b942b42f0b52","timestamp":"2025-09-20 22:57:02"}
{"level":"info","message":"[Start 2025-09-20T19:57:02.079Z]=>/api-docs/swagger-ui-standalone-preset.js 194e5876-dcc7-4e6f-9e75-ccebca5915d2","timestamp":"2025-09-20 22:57:02"}
{"level":"info","message":"[Start 2025-09-20T19:57:02.083Z]=>/api-docs/swagger-ui-init.js c18b801d-1e08-41d7-bddb-a1ba51c7b874","timestamp":"2025-09-20 22:57:02"}
{"level":"info","message":"[Finish 2025-09-20T19:57:02.084Z]=>/api-docs/swagger-ui-init.js :: duration: 1ms  c18b801d-1e08-41d7-bddb-a1ba51c7b874","timestamp":"2025-09-20 22:57:02"}
{"level":"info","message":"[Finish 2025-09-20T19:57:02.086Z]=>/api-docs/swagger-ui.css :: duration: 10ms  1fa69369-ad4a-4b5a-a95c-3fb0864538a9","timestamp":"2025-09-20 22:57:02"}
{"level":"info","message":"[Finish 2025-09-20T19:57:02.087Z]=>/api-docs/swagger-ui-bundle.js :: duration: 10ms  b2be713a-4b26-48d6-99f5-b942b42f0b52","timestamp":"2025-09-20 22:57:02"}
{"level":"info","message":"[Finish 2025-09-20T19:57:02.087Z]=>/api-docs/swagger-ui-standalone-preset.js :: duration: 8ms  194e5876-dcc7-4e6f-9e75-ccebca5915d2","timestamp":"2025-09-20 22:57:02"}
{"level":"info","message":"[Finish 2025-09-20T19:57:02.086Z]=>/api-docs/swagger-ui.css :: duration: 10ms  1fa69369-ad4a-4b5a-a95c-3fb0864538a9","timestamp":"2025-09-20 22:57:02"}
{"level":"info","message":"[Finish 2025-09-20T19:57:02.087Z]=>/api-docs/swagger-ui-bundle.js :: duration: 10ms  b2be713a-4b26-48d6-99f5-b942b42f0b52","timestamp":"2025-09-20 22:57:02"}
{"level":"info","message":"[Finish 2025-09-20T19:57:02.087Z]=>/api-docs/swagger-ui-standalone-preset.js :: duration: 8ms  194e5876-dcc7-4e6f-9e75-ccebca5915d2","timestamp":"2025-09-20 22:57:02"}
{"level":"info","message":"[Start 2025-09-20T19:57:02.141Z]=>/api-docs/favicon-32x32.png 55bd108a-6d70-4ed9-80ff-2a911f3e9915","timestamp":"2025-09-20 22:57:02"}
{"level":"info","message":"[Start 2025-09-20T19:57:02.141Z]=>/api-docs/favicon-32x32.png 55bd108a-6d70-4ed9-80ff-2a911f3e9915","timestamp":"2025-09-20 22:57:02"}
{"level":"info","message":"[Finish 2025-09-20T19:57:02.143Z]=>/api-docs/favicon-32x32.png :: duration: 2ms  55bd108a-6d70-4ed9-80ff-2a911f3e9915","timestamp":"2025-09-20 22:57:02"}
{"level":"info","message":"[Finish 2025-09-20T19:57:02.143Z]=>/api-docs/favicon-32x32.png :: duration: 2ms  55bd108a-6d70-4ed9-80ff-2a911f3e9915","timestamp":"2025-09-20 22:57:02"}
{"level":"info","message":"[Start 2025-09-20T19:57:19.675Z]=>/api-docs/ b455f4be-de9c-4949-bf23-8e2037cebb92","timestamp":"2025-09-20 22:57:19"}
{"level":"info","message":"[Start 2025-09-20T19:57:19.675Z]=>/api-docs/ b455f4be-de9c-4949-bf23-8e2037cebb92","timestamp":"2025-09-20 22:57:19"}
{"level":"info","message":"[Finish 2025-09-20T19:57:19.691Z]=>/api-docs/ :: duration: 16ms  b455f4be-de9c-4949-bf23-8e2037cebb92","timestamp":"2025-09-20 22:57:19"}
{"level":"info","message":"[Finish 2025-09-20T19:57:19.691Z]=>/api-docs/ :: duration: 16ms  b455f4be-de9c-4949-bf23-8e2037cebb92","timestamp":"2025-09-20 22:57:19"}
{"level":"info","message":"[Start 2025-09-20T19:57:19.727Z]=>/api-docs/swagger-ui.css b2f2eac0-183e-4178-814f-ec3a3ef0945b","timestamp":"2025-09-20 22:57:19"}
{"level":"info","message":"[Start 2025-09-20T19:57:19.727Z]=>/api-docs/swagger-ui.css b2f2eac0-183e-4178-814f-ec3a3ef0945b","timestamp":"2025-09-20 22:57:19"}
{"level":"info","message":"[Start 2025-09-20T19:57:19.769Z]=>/api-docs/swagger-ui-bundle.js 3b078960-e259-4aaf-978d-9e5765ac4d13","timestamp":"2025-09-20 22:57:19"}
{"level":"info","message":"[Start 2025-09-20T19:57:19.769Z]=>/api-docs/swagger-ui-bundle.js 3b078960-e259-4aaf-978d-9e5765ac4d13","timestamp":"2025-09-20 22:57:19"}
{"level":"info","message":"[Finish 2025-09-20T19:57:19.772Z]=>/api-docs/swagger-ui.css :: duration: 45ms  b2f2eac0-183e-4178-814f-ec3a3ef0945b","timestamp":"2025-09-20 22:57:19"}
{"level":"info","message":"[Finish 2025-09-20T19:57:19.775Z]=>/api-docs/swagger-ui-bundle.js :: duration: 6ms  3b078960-e259-4aaf-978d-9e5765ac4d13","timestamp":"2025-09-20 22:57:19"}
{"level":"info","message":"[Start 2025-09-20T19:57:19.780Z]=>/api-docs/swagger-ui-standalone-preset.js 2705c0ce-f35c-4143-a556-15ab4df2ad9b","timestamp":"2025-09-20 22:57:19"}
{"level":"info","message":"[Finish 2025-09-20T19:57:19.772Z]=>/api-docs/swagger-ui.css :: duration: 45ms  b2f2eac0-183e-4178-814f-ec3a3ef0945b","timestamp":"2025-09-20 22:57:19"}
{"level":"info","message":"[Finish 2025-09-20T19:57:19.775Z]=>/api-docs/swagger-ui-bundle.js :: duration: 6ms  3b078960-e259-4aaf-978d-9e5765ac4d13","timestamp":"2025-09-20 22:57:19"}
{"level":"info","message":"[Start 2025-09-20T19:57:19.780Z]=>/api-docs/swagger-ui-standalone-preset.js 2705c0ce-f35c-4143-a556-15ab4df2ad9b","timestamp":"2025-09-20 22:57:19"}
{"level":"info","message":"[Start 2025-09-20T19:57:19.781Z]=>/api-docs/swagger-ui-init.js ad919f3a-7435-477d-a9ac-ac1191a233b1","timestamp":"2025-09-20 22:57:19"}
{"level":"info","message":"[Finish 2025-09-20T19:57:19.788Z]=>/api-docs/swagger-ui-init.js :: duration: 7ms  ad919f3a-7435-477d-a9ac-ac1191a233b1","timestamp":"2025-09-20 22:57:19"}
{"level":"info","message":"[Finish 2025-09-20T19:57:19.790Z]=>/api-docs/swagger-ui-standalone-preset.js :: duration: 10ms  2705c0ce-f35c-4143-a556-15ab4df2ad9b","timestamp":"2025-09-20 22:57:19"}
{"level":"info","message":"[Start 2025-09-20T19:57:19.781Z]=>/api-docs/swagger-ui-init.js ad919f3a-7435-477d-a9ac-ac1191a233b1","timestamp":"2025-09-20 22:57:19"}
{"level":"info","message":"[Finish 2025-09-20T19:57:19.788Z]=>/api-docs/swagger-ui-init.js :: duration: 7ms  ad919f3a-7435-477d-a9ac-ac1191a233b1","timestamp":"2025-09-20 22:57:19"}
{"level":"info","message":"[Finish 2025-09-20T19:57:19.790Z]=>/api-docs/swagger-ui-standalone-preset.js :: duration: 10ms  2705c0ce-f35c-4143-a556-15ab4df2ad9b","timestamp":"2025-09-20 22:57:19"}
{"level":"info","message":"[Start 2025-09-20T19:57:19.896Z]=>/api-docs/favicon-32x32.png 06b5dbeb-7f35-4f33-a421-728f5516b6e9","timestamp":"2025-09-20 22:57:19"}
{"level":"info","message":"[Start 2025-09-20T19:57:19.896Z]=>/api-docs/favicon-32x32.png 06b5dbeb-7f35-4f33-a421-728f5516b6e9","timestamp":"2025-09-20 22:57:19"}
{"level":"info","message":"[Finish 2025-09-20T19:57:19.903Z]=>/api-docs/favicon-32x32.png :: duration: 7ms  06b5dbeb-7f35-4f33-a421-728f5516b6e9","timestamp":"2025-09-20 22:57:19"}
{"level":"info","message":"[Finish 2025-09-20T19:57:19.903Z]=>/api-docs/favicon-32x32.png :: duration: 7ms  06b5dbeb-7f35-4f33-a421-728f5516b6e9","timestamp":"2025-09-20 22:57:19"}
{"level":"info","message":"Api is running on port 3000!!!","timestamp":"2025-09-20 23:00:24"}
{"level":"info","message":"Api is running on port 3000!!!","timestamp":"2025-09-20 23:00:24"}
{"level":"info","message":"[Start 2025-09-20T20:00:26.837Z]=>/api-docs/ 29293e13-4be9-4ec1-80e0-39e1b1159acd","timestamp":"2025-09-20 23:00:26"}
{"level":"info","message":"[Start 2025-09-20T20:00:26.837Z]=>/api-docs/ 29293e13-4be9-4ec1-80e0-39e1b1159acd","timestamp":"2025-09-20 23:00:26"}
{"level":"info","message":"[Finish 2025-09-20T20:00:26.845Z]=>/api-docs/ :: duration: 8ms  29293e13-4be9-4ec1-80e0-39e1b1159acd","timestamp":"2025-09-20 23:00:26"}
{"level":"info","message":"[Finish 2025-09-20T20:00:26.845Z]=>/api-docs/ :: duration: 8ms  29293e13-4be9-4ec1-80e0-39e1b1159acd","timestamp":"2025-09-20 23:00:26"}
{"level":"info","message":"[Start 2025-09-20T20:00:26.874Z]=>/api-docs/swagger-ui.css 13854c12-eaff-4bef-bef1-80a559bac026","timestamp":"2025-09-20 23:00:26"}
{"level":"info","message":"[Start 2025-09-20T20:00:26.874Z]=>/api-docs/swagger-ui.css 13854c12-eaff-4bef-bef1-80a559bac026","timestamp":"2025-09-20 23:00:26"}
{"level":"info","message":"[Start 2025-09-20T20:00:26.881Z]=>/api-docs/swagger-ui-bundle.js 363f438c-64ea-4c26-9c73-b0afef7b43df","timestamp":"2025-09-20 23:00:26"}
{"level":"info","message":"[Start 2025-09-20T20:00:26.881Z]=>/api-docs/swagger-ui-bundle.js 363f438c-64ea-4c26-9c73-b0afef7b43df","timestamp":"2025-09-20 23:00:26"}
{"level":"info","message":"[Start 2025-09-20T20:00:26.898Z]=>/api-docs/swagger-ui-standalone-preset.js b95a8abf-1acc-4776-9cef-3d6e404767c2","timestamp":"2025-09-20 23:00:26"}
{"level":"info","message":"[Start 2025-09-20T20:00:26.898Z]=>/api-docs/swagger-ui-standalone-preset.js b95a8abf-1acc-4776-9cef-3d6e404767c2","timestamp":"2025-09-20 23:00:26"}
{"level":"info","message":"[Start 2025-09-20T20:00:26.945Z]=>/api-docs/swagger-ui-init.js 1d33aa72-89ba-4fa3-8572-a9ba54c64ba0","timestamp":"2025-09-20 23:00:26"}
{"level":"info","message":"[Start 2025-09-20T20:00:26.945Z]=>/api-docs/swagger-ui-init.js 1d33aa72-89ba-4fa3-8572-a9ba54c64ba0","timestamp":"2025-09-20 23:00:26"}
{"level":"info","message":"[Finish 2025-09-20T20:00:26.953Z]=>/api-docs/swagger-ui-init.js :: duration: 8ms  1d33aa72-89ba-4fa3-8572-a9ba54c64ba0","timestamp":"2025-09-20 23:00:26"}
{"level":"info","message":"[Finish 2025-09-20T20:00:26.953Z]=>/api-docs/swagger-ui-init.js :: duration: 8ms  1d33aa72-89ba-4fa3-8572-a9ba54c64ba0","timestamp":"2025-09-20 23:00:26"}
{"level":"info","message":"[Finish 2025-09-20T20:00:26.955Z]=>/api-docs/swagger-ui.css :: duration: 81ms  13854c12-eaff-4bef-bef1-80a559bac026","timestamp":"2025-09-20 23:00:26"}
{"level":"info","message":"[Finish 2025-09-20T20:00:26.955Z]=>/api-docs/swagger-ui.css :: duration: 81ms  13854c12-eaff-4bef-bef1-80a559bac026","timestamp":"2025-09-20 23:00:26"}
{"level":"info","message":"[Finish 2025-09-20T20:00:26.961Z]=>/api-docs/swagger-ui-standalone-preset.js :: duration: 63ms  b95a8abf-1acc-4776-9cef-3d6e404767c2","timestamp":"2025-09-20 23:00:26"}
{"level":"info","message":"[Finish 2025-09-20T20:00:26.961Z]=>/api-docs/swagger-ui-standalone-preset.js :: duration: 63ms  b95a8abf-1acc-4776-9cef-3d6e404767c2","timestamp":"2025-09-20 23:00:26"}
{"level":"info","message":"[Finish 2025-09-20T20:00:26.966Z]=>/api-docs/swagger-ui-bundle.js :: duration: 85ms  363f438c-64ea-4c26-9c73-b0afef7b43df","timestamp":"2025-09-20 23:00:26"}
{"level":"info","message":"[Finish 2025-09-20T20:00:26.966Z]=>/api-docs/swagger-ui-bundle.js :: duration: 85ms  363f438c-64ea-4c26-9c73-b0afef7b43df","timestamp":"2025-09-20 23:00:26"}
{"level":"info","message":"[Start 2025-09-20T20:00:27.129Z]=>/api-docs/favicon-32x32.png ebac9987-e3be-4345-a06d-abe846a5e377","timestamp":"2025-09-20 23:00:27"}
{"level":"info","message":"[Start 2025-09-20T20:00:27.129Z]=>/api-docs/favicon-32x32.png ebac9987-e3be-4345-a06d-abe846a5e377","timestamp":"2025-09-20 23:00:27"}
{"level":"info","message":"[Finish 2025-09-20T20:00:27.132Z]=>/api-docs/favicon-32x32.png :: duration: 3ms  ebac9987-e3be-4345-a06d-abe846a5e377","timestamp":"2025-09-20 23:00:27"}
{"level":"info","message":"[Finish 2025-09-20T20:00:27.132Z]=>/api-docs/favicon-32x32.png :: duration: 3ms  ebac9987-e3be-4345-a06d-abe846a5e377","timestamp":"2025-09-20 23:00:27"}
{"level":"info","message":"Api is running on port 3000!!!","timestamp":"2025-09-20 23:00:29"}
{"level":"info","message":"Api is running on port 3000!!!","timestamp":"2025-09-20 23:00:29"}
